qemu-system-arm -M mps2-an386 -kernel build/freertos_static.elf -serial stdio -monitor none -nographic

=====================================
  Static MPU Configuration          
=====================================
CPU: ARM Cortex-M4 @ 50MHz
RTOS: FreeRTOS
Platform: QEMU MPS2-AN386
=====================================

[MPU] Initializing Static MPU configuration...
[MPU] Configured 3 regions:
  Region 0: Flash   [0x00000000-0x00200000] R+X
  Region 1: SRAM    [0x20000000-0x20080000] R+W
  Region 2: Periph  [0x40000000-0x50000000] R+W
[MPU] MPU enabled

[MPU] Static Configuration Summary:
  Regions configured: 3
  Total accessible memory: ~2.5 MB
  Memory reduction: 0%
  Note: Same config for all tasks

Starting scheduler...

[Static] Switches: 100, Avg: 1677944 cycles
[Static] Switches: 200, Avg: 1677655 cycles
[Static] Switches: 300, Avg: 1901357 cycles
[Static] Switches: 400, Avg: 1761549 cycles
[Static] Switches: 500, Avg: 1711237 cycles
[Static] Switches: 600, Avg: 1705638 cycles
[Static] Switches: 700, Avg: 1653707 cycles
[Static] Switches: 800, Avg: 1740607 cycles
[Static] Switches: 900, Avg: 1733590 cycles
[Static] Switches: 1000, Avg: 1694450 cycles

=== Performance Statistics ===
Total switches: 1000
Average cycles: 1694450
Min cycles: 25
Max cycles: 16777190
At 50MHz: ~33889 us per switch
==============================

=== Static measurement complete ===
